Environment at start of build:
ALLUSERSPROFILE = C:\ProgramData
APPDATA = C:\Users\himsve\AppData\Roaming
BITBUCKET_HOME = C:\Users\himsve\source\repos\Git
CommonProgramFiles = C:\Program Files (x86)\Common Files
CommonProgramFiles(x86) = C:\Program Files (x86)\Common Files
CommonProgramW6432 = C:\Program Files\Common Files
COMPUTERNAME = B10308
ComSpec = C:\WINDOWS\system32\cmd.exe
DriverData = C:\Windows\System32\Drivers\DriverData
F_IA32_REDIST12 = C:\Program Files (x86)\Common Files\Intel\Shared Libraries\
HOMEDRIVE = C:
HOMEPATH = \Users\himsve
IFORT_COMPILER20 = C:\Program Files (x86)\IntelSWTools\compilers_and_libraries_2020.0.166\windows\
INTEL_DEV_REDIST = C:\Program Files (x86)\Common Files\Intel\Shared Libraries\
INTEL_LICENSE_FILE = C:\Program Files (x86)\Common Files\Intel\Licenses
LOCALAPPDATA = C:\Users\himsve\AppData\Local
LOGONSERVER = \\NNRIDC503
MIC_LD_LIBRARY_PATH = C:\Program Files (x86)\Common Files\Intel\Shared Libraries\compiler\lib\mic
MSBuildLoadMicrosoftTargetsReadOnly = true
MSMPI_BIN = C:\Program Files\Microsoft MPI\Bin\
NUMBER_OF_PROCESSORS = 8
OneDrive = C:\Users\himsve\OneDrive
OS = Windows_NT
Path = C:\Program Files (x86)\Common Files\Oracle\Java\javapath;C:\Program Files (x86)\Common Files\Intel\Shared Libraries\redist\ia32\mpirt;C:\Program Files (x86)\Common Files\Intel\Shared Libraries\redist\ia32\compiler;C:\Program Files (x86)\Common Files\Intel\Shared Libraries\redist\ia32_win\mpirt;C:\Program Files (x86)\Common Files\Intel\Shared Libraries\redist\ia32_win\compiler;C:\ProgramData\DockerDesktop\version-bin;C:\Program Files\Docker\Docker\Resources\bin;C:\Program Files (x86)\Common Files\Intel\Shared Libraries\redist\intel64\mpirt;C:\Program Files (x86)\Common Files\Intel\Shared Libraries\redist\intel64\compiler;C:\Program Files (x86)\Common Files\Intel\Shared Libraries\redist\intel64_win\mpirt;C:\Program Files (x86)\Common Files\Intel\Shared Libraries\redist\intel64_win\compiler;C:\Program Files\Microsoft MPI\Bin\;C:\WINDOWS\system32;C:\WINDOWS;C:\WINDOWS\System32\Wbem;C:\WINDOWS\System32\WindowsPowerShell\v1.0\;C:\WINDOWS\System32\OpenSSH\;C:\Program Files\Intel\WiFi\bin\;C:\Program Files\Common Files\Intel\WirelessCommon\;C:\Fysak;C:\Fysak64;C:\Program Files\dotnet\;C:\Program Files\Microsoft SQL Server\130\Tools\Binn\;C:\Program Files (x86)\IncrediBuild;C:\Program Files\Git\cmd;C:\Program Files (x86)\GnuWin32\bin;C:\Users\himsve\Miniconda3;C:\Users\himsve\Miniconda3\Library\bin;C:\Users\himsve\Miniconda3\Library\lib;C:\Users\himsve\Miniconda3\share\proj;C:\cygwin64\bin;C:\Users\himsve\AppData\Local\Programs\Python\Python38\Scripts;C:\Users\himsve\AppData\Local\Programs\Python\Python38;C:\Users\himsve\AppData\Roaming\Python\Python38\Scripts;C:\Users\himsve\AppData\Roaming\Python\Python38;C:\Program Files\TortoiseGit\bin;C:\Program Files\TortoiseSVN\bin;C:\Users\himsve\AppData\Local\Microsoft\WindowsApps;C:\Users\himsve\AppData\Local\GitHubDesktop\bin;C:\Users\himsve\AppData\Local\Programs\MiKTeX 2.9\miktex\bin\x64\;C:\Users\himsve\AppData\Local\Programs\Microsoft VS Code\bin;C:\Users\himsve\.dotnet\tools
PATHEXT = .COM;.EXE;.BAT;.CMD;.VBS;.VBE;.JS;.JSE;.WSF;.WSH;.MSC
PkgDefApplicationConfigFile = C:\Users\himsve\AppData\Local\Microsoft\VisualStudio\15.0_e3659545\devenv.exe.config
PROCESSOR_ARCHITECTURE = x86
PROCESSOR_ARCHITEW6432 = AMD64
PROCESSOR_IDENTIFIER = Intel64 Family 6 Model 142 Stepping 10, GenuineIntel
PROCESSOR_LEVEL = 6
PROCESSOR_REVISION = 8e0a
ProgramData = C:\ProgramData
ProgramFiles = C:\Program Files (x86)
ProgramFiles(x86) = C:\Program Files (x86)
ProgramW6432 = C:\Program Files
PSModulePath = C:\Program Files\WindowsPowerShell\Modules;C:\WINDOWS\system32\WindowsPowerShell\v1.0\Modules
PUBLIC = C:\Users\Public
SESSIONNAME = Console
snow_agent = C:\Program Files\Snow Software\Inventory\Agent
SystemDrive = C:
SystemRoot = C:\WINDOWS
TEMP = C:\Users\himsve\AppData\Local\Temp
TMP = C:\Users\himsve\AppData\Local\Temp
UATDATA = C:\WINDOWS\CCM\UATData\D9F8C395-CAB8-491d-B8AC-179A1FE1BE77
USERDNSDOMAIN = STATKART.NO
USERDOMAIN = STATKART
USERDOMAIN_ROAMINGPROFILE = STATKART
USERNAME = himsve
USERPROFILE = C:\Users\himsve
VisualStudioDir = \\statkart.no\ri_data\Brukerdata\himsve\Visual Studio 2017
VisualStudioEdition = Microsoft Visual Studio Professional 2017
VisualStudioVersion = 15.0
VS140COMNTOOLS = C:\Program Files (x86)\Microsoft Visual Studio 14.0\Common7\Tools\
VS2017INSTALLDIR = C:\Program Files (x86)\Microsoft Visual Studio\2017\Professional
VSAPPIDDIR = C:\Program Files (x86)\Microsoft Visual Studio\2017\Professional\Common7\IDE\
VSAPPIDNAME = devenv.exe
VSLANG = 1033
VSSKUEDITION = Professional
windir = C:\WINDOWS

  ProjCppApi.cpp
  ProjCppApiLinkedDll.vcxproj -> C:\Users\Administrator\source\repos\projcppapi\x64\Debug\ProjCppApiLinkedDll.exe
